<?xml version="1.0" encoding="UTF-8"?>
<testng-results ignored="0" total="1" passed="1" failed="0" skipped="0">
  <reporter-output>
  </reporter-output>
  <suite started-at="2020-08-07T23:56:45 EDT" name="Default suite" finished-at="2020-08-07T23:56:55 EDT" duration-ms="10542">
    <groups>
    </groups>
    <test started-at="2020-08-07T23:56:45 EDT" name="Default test" finished-at="2020-08-07T23:56:55 EDT" duration-ms="10542">
      <class name="eqcare.testcases.LoginScenarios">
        <test-method is-config="true" signature="setUp()[pri:0, instance:eqcare.testcases.LoginScenarios@161b062a]" started-at="2020-08-07T23:56:45 EDT" name="setUp" finished-at="2020-08-07T23:56:49 EDT" duration-ms="4521" status="PASS">
          <reporter-output>
          </reporter-output>
        </test-method> <!-- setUp -->
        <test-method signature="loginToApplication()[pri:0, instance:eqcare.testcases.LoginScenarios@161b062a]" started-at="2020-08-07T23:56:49 EDT" name="loginToApplication" finished-at="2020-08-07T23:56:55 EDT" duration-ms="5867" status="PASS">
          <reporter-output>
          </reporter-output>
        </test-method> <!-- loginToApplication -->
        <test-method is-config="true" signature="tearDown()[pri:0, instance:eqcare.testcases.LoginScenarios@161b062a]" started-at="2020-08-07T23:56:55 EDT" name="tearDown" finished-at="2020-08-07T23:56:55 EDT" duration-ms="127" status="PASS">
          <reporter-output>
          </reporter-output>
        </test-method> <!-- tearDown -->
      </class> <!-- eqcare.testcases.LoginScenarios -->
    </test> <!-- Default test -->
  </suite> <!-- Default suite -->
</testng-results>
